<?xml version="1.0" encoding="UTF-8"?>
<!-- Generated by org.testng.reporters.JUnitXMLReporter -->
<testsuite hostname="WIN-GLF10487UOQ" ignored="0" name="Test" tests="3" failures="0" timestamp="2022-02-05T02:22:37 PST" time="16.968" errors="0">
  <testcase name="BankUserLogin" time="3.036" classname="Assignment.Project6.NewTest"/>
  <testcase name="CustomerRegistration" time="5.566" classname="Assignment.Project6.NewTest"/>
  <testcase name="CustomerTransaction" time="3.591" classname="Assignment.Project6.NewTest"/>
</testsuite> <!-- Test -->
