<?xml version="1.0" encoding="UTF-8"?>
<!-- Generated by org.testng.reporters.JUnitXMLReporter -->
<testsuite ignored="0" hostname="WIN-GLF10487UOQ" failures="0" tests="3" name="Default test" time="15.929" errors="0" timestamp="2022-02-05T02:05:35 PST">
  <testcase classname="Assignment.Project6.NewTest" name="BankUserLogin" time="1.197"/>
  <testcase classname="Assignment.Project6.NewTest" name="CustomerRegistration" time="5.64"/>
  <testcase classname="Assignment.Project6.NewTest" name="CustomerTransaction" time="4.526"/>
</testsuite> <!-- Default test -->
